2018-05-27 20:55:29,604 :: INFO :: Running backup task
2018-05-27 20:55:29,605 :: ERROR :: Cannot backup parser.py to lol5.py because source does not exist
2018-05-27 20:59:57,519 :: INFO :: Running backup task
2018-05-27 20:59:57,520 :: ERROR :: Cannot backup parser.py to lol5.py because source does not exist
2018-05-27 21:03:48,404 :: INFO :: Running backup task
2018-05-27 21:03:48,405 :: INFO :: Backuping daemon.py to laurent.py
2018-05-27 21:03:48,405 :: DEBUG :: Copying daemon.py file to laurent.py
2018-05-27 21:03:48,406 :: DEBUG :: Copy of daemon.py to laurent.py done
2018-05-27 21:06:13,314 :: INFO :: Running backup task
2018-05-27 21:06:13,314 :: INFO :: Backuping daemon.py to backupDir/laurent.py
2018-05-27 21:06:13,314 :: DEBUG :: Copying daemon.py file to backupDir/laurent.py
2018-05-27 21:06:13,318 :: DEBUG :: Copy of daemon.py to backupDir/laurent.py done
2018-05-27 21:06:13,318 :: INFO :: Running backup task
2018-05-27 21:06:13,318 :: INFO :: Backuping test to backupDir/test
2018-05-27 21:06:13,318 :: DEBUG :: test is a directory
2018-05-27 21:06:13,318 :: DEBUG :: Copying test directory to backupDir/test
2018-05-27 21:06:13,319 :: DEBUG :: Copy of test to backupDir/test done
2018-05-27 21:11:26,256 :: INFO :: Running backup task
2018-05-27 21:11:26,259 :: INFO :: Backuping logger.py to backupDir/logger.py every minute
2018-05-27 21:11:26,259 :: DEBUG :: Copying logger.py file to backupDir/logger.py every minute
2018-05-27 21:11:26,261 :: DEBUG :: Copy of logger.py to backupDir/logger.py every minute done
2018-05-27 21:11:26,261 :: INFO :: Running backup task
2018-05-27 21:11:26,261 :: INFO :: Backuping test_direct_backup.eb to backupDir/direct_backup.eb every hour
2018-05-27 21:11:26,261 :: DEBUG :: Copying test_direct_backup.eb file to backupDir/direct_backup.eb every hour
2018-05-27 21:11:26,262 :: DEBUG :: Copy of test_direct_backup.eb to backupDir/direct_backup.eb every hour done
2018-05-27 21:11:26,262 :: INFO :: Running backup task
2018-05-27 21:11:26,262 :: INFO :: Backuping test_repeting_backup.eb to backupDir/repeting_backup.eb every 2 minutes
2018-05-27 21:11:26,262 :: DEBUG :: Copying test_repeting_backup.eb file to backupDir/repeting_backup.eb every 2 minutes
2018-05-27 21:11:26,263 :: DEBUG :: Copy of test_repeting_backup.eb to backupDir/repeting_backup.eb every 2 minutes done
2018-05-27 21:12:33,176 :: INFO :: Registering backup task with time condition
2018-05-27 21:12:33,176 :: INFO :: Registering backup task with time condition
2018-05-27 21:12:33,177 :: INFO :: Registering backup task with time condition
2018-05-27 21:12:33,178 :: INFO :: Backuping logger.py to backupDir/logger.py
2018-05-27 21:12:33,178 :: DEBUG :: Copying logger.py file to backupDir/logger.py
2018-05-27 21:12:33,179 :: DEBUG :: Copy of logger.py to backupDir/logger.py done
2018-05-27 21:12:33,179 :: INFO :: Backuping test_direct_backup.eb to backupDir/direct_backup.eb
2018-05-27 21:12:33,179 :: DEBUG :: Copying test_direct_backup.eb file to backupDir/direct_backup.eb
2018-05-27 21:12:33,180 :: DEBUG :: Copy of test_direct_backup.eb to backupDir/direct_backup.eb done
2018-05-27 21:12:33,180 :: INFO :: Backuping test_repeting_backup.eb to backupDir/repeting_backup.eb
2018-05-27 21:12:33,180 :: DEBUG :: Copying test_repeting_backup.eb file to backupDir/repeting_backup.eb
2018-05-27 21:12:33,181 :: DEBUG :: Copy of test_repeting_backup.eb to backupDir/repeting_backup.eb done
2018-05-27 21:12:33,181 :: INFO :: Sleeping for a minute
2018-05-27 21:13:33,184 :: INFO :: Backuping logger.py to backupDir/logger.py
2018-05-27 21:13:33,184 :: DEBUG :: Copying logger.py file to backupDir/logger.py
2018-05-27 21:13:33,188 :: DEBUG :: Copy of logger.py to backupDir/logger.py done
2018-05-27 21:13:33,188 :: INFO :: Sleeping for a minute
2018-05-27 21:14:33,192 :: INFO :: Backuping logger.py to backupDir/logger.py
2018-05-27 21:14:33,192 :: DEBUG :: Copying logger.py file to backupDir/logger.py
2018-05-27 21:14:33,194 :: DEBUG :: Copy of logger.py to backupDir/logger.py done
2018-05-27 21:14:33,194 :: INFO :: Backuping test_repeting_backup.eb to backupDir/repeting_backup.eb
2018-05-27 21:14:33,194 :: DEBUG :: Copying test_repeting_backup.eb file to backupDir/repeting_backup.eb
2018-05-27 21:14:33,195 :: DEBUG :: Copy of test_repeting_backup.eb to backupDir/repeting_backup.eb done
2018-05-27 21:14:33,195 :: INFO :: Sleeping for a minute
2018-05-27 21:15:33,194 :: INFO :: Backuping logger.py to backupDir/logger.py
2018-05-27 21:15:33,195 :: DEBUG :: Copying logger.py file to backupDir/logger.py
2018-05-27 21:15:33,199 :: DEBUG :: Copy of logger.py to backupDir/logger.py done
2018-05-27 21:15:33,199 :: INFO :: Sleeping for a minute
2018-05-27 21:15:41,573 :: INFO :: Starting daemon
2018-05-27 21:15:41,901 :: INFO :: Registering backup task with time condition
2018-05-27 21:15:41,902 :: INFO :: Registering backup task with time condition
2018-05-27 21:15:41,903 :: INFO :: Registering backup task with time condition
2018-05-27 21:15:41,904 :: INFO :: Backuping logger.py to backupDir/logger.py
2018-05-27 21:15:41,905 :: DEBUG :: Copying logger.py file to backupDir/logger.py
2018-05-27 21:15:41,906 :: DEBUG :: Copy of logger.py to backupDir/logger.py done
2018-05-27 21:15:41,907 :: INFO :: Backuping test_direct_backup.eb to backupDir/direct_backup.eb
2018-05-27 21:15:41,907 :: DEBUG :: Copying test_direct_backup.eb file to backupDir/direct_backup.eb
2018-05-27 21:15:41,909 :: DEBUG :: Copy of test_direct_backup.eb to backupDir/direct_backup.eb done
2018-05-27 21:15:41,909 :: INFO :: Backuping test_repeting_backup.eb to backupDir/repeting_backup.eb
2018-05-27 21:15:41,910 :: DEBUG :: Copying test_repeting_backup.eb file to backupDir/repeting_backup.eb
2018-05-27 21:15:41,911 :: DEBUG :: Copy of test_repeting_backup.eb to backupDir/repeting_backup.eb done
2018-05-27 21:15:41,911 :: INFO :: Sleeping for a minute
2018-05-27 21:16:41,912 :: INFO :: Backuping logger.py to backupDir/logger.py
2018-05-27 21:16:41,914 :: DEBUG :: Copying logger.py file to backupDir/logger.py
2018-05-27 21:16:41,916 :: DEBUG :: Copy of logger.py to backupDir/logger.py done
2018-05-27 21:16:41,917 :: INFO :: Sleeping for a minute
2018-05-27 21:16:51,191 :: INFO :: Stopping daemon
2018-05-27 21:16:58,712 :: INFO :: Starting daemon
2018-05-27 21:16:59,071 :: INFO :: Registering backup task with time condition
2018-05-27 21:16:59,073 :: INFO :: Registering backup task with time condition
2018-05-27 21:16:59,074 :: INFO :: Registering backup task with time condition
2018-05-27 21:16:59,075 :: INFO :: Backuping logger.py to backupDir/logger.py
2018-05-27 21:16:59,076 :: DEBUG :: Copying logger.py file to backupDir/logger.py
2018-05-27 21:16:59,081 :: DEBUG :: Copy of logger.py to backupDir/logger.py done
2018-05-27 21:16:59,081 :: INFO :: Backuping test_direct_backup.eb to backupDir/direct_backup.eb
2018-05-27 21:16:59,082 :: DEBUG :: Copying test_direct_backup.eb file to backupDir/direct_backup.eb
2018-05-27 21:16:59,084 :: DEBUG :: Copy of test_direct_backup.eb to backupDir/direct_backup.eb done
2018-05-27 21:16:59,084 :: INFO :: Backuping test_repeting_backup.eb to backupDir/repeting_backup.eb
2018-05-27 21:16:59,085 :: DEBUG :: Copying test_repeting_backup.eb file to backupDir/repeting_backup.eb
2018-05-27 21:16:59,086 :: DEBUG :: Copy of test_repeting_backup.eb to backupDir/repeting_backup.eb done
2018-05-27 21:16:59,087 :: INFO :: Sleeping for a minute
2018-05-27 21:17:35,987 :: INFO :: Stopping daemon
2018-05-27 21:20:18,332 :: INFO :: Registering backup task with time condition
2018-05-27 21:20:18,335 :: INFO :: Registering backup task with time condition
2018-05-27 21:20:18,336 :: INFO :: Registering backup task with time condition
2018-05-27 21:20:18,336 :: INFO :: Backuping logger.py to backupDir/logger.py
2018-05-27 21:20:18,336 :: DEBUG :: Copying logger.py file to backupDir/logger.py
2018-05-27 21:20:18,337 :: DEBUG :: Copy of logger.py to backupDir/logger.py done
2018-05-27 21:20:18,337 :: INFO :: Backuping test_direct_backup.eb to backupDir/direct_backup.eb
2018-05-27 21:20:18,337 :: DEBUG :: Copying test_direct_backup.eb file to backupDir/direct_backup.eb
2018-05-27 21:20:18,338 :: DEBUG :: Copy of test_direct_backup.eb to backupDir/direct_backup.eb done
2018-05-27 21:20:18,338 :: INFO :: Backuping test_repeting_backup.eb to backupDir/repeting_backup.eb
2018-05-27 21:20:18,338 :: DEBUG :: Copying test_repeting_backup.eb file to backupDir/repeting_backup.eb
2018-05-27 21:20:18,339 :: DEBUG :: Copy of test_repeting_backup.eb to backupDir/repeting_backup.eb done
2018-05-27 21:20:18,339 :: INFO :: Sleeping for a minute
2018-05-27 21:20:43,283 :: INFO :: Starting daemon
2018-05-27 21:20:43,627 :: INFO :: Registering backup task with time condition
2018-05-27 21:20:43,630 :: INFO :: Registering backup task with time condition
2018-05-27 21:20:43,631 :: INFO :: Registering backup task with time condition
2018-05-27 21:20:43,633 :: INFO :: Backuping logger.py to backupDir/logger.py
2018-05-27 21:20:43,634 :: DEBUG :: Copying logger.py file to backupDir/logger.py
2018-05-27 21:20:43,636 :: DEBUG :: Copy of logger.py to backupDir/logger.py done
2018-05-27 21:20:43,637 :: INFO :: Backuping test_direct_backup.eb to backupDir/direct_backup.eb
2018-05-27 21:20:43,637 :: DEBUG :: Copying test_direct_backup.eb file to backupDir/direct_backup.eb
2018-05-27 21:20:43,639 :: DEBUG :: Copy of test_direct_backup.eb to backupDir/direct_backup.eb done
2018-05-27 21:20:43,640 :: INFO :: Backuping test_repeting_backup.eb to backupDir/repeting_backup.eb
2018-05-27 21:20:43,641 :: DEBUG :: Copying test_repeting_backup.eb file to backupDir/repeting_backup.eb
2018-05-27 21:20:43,642 :: DEBUG :: Copy of test_repeting_backup.eb to backupDir/repeting_backup.eb done
2018-05-27 21:20:43,642 :: INFO :: Sleeping for a minute
2018-05-27 21:20:52,447 :: INFO :: Stopping daemon
2018-05-27 21:25:38,343 :: INFO :: Starting daemon
2018-05-27 21:25:38,713 :: INFO :: Registering backup task with time condition
2018-05-27 21:25:38,713 :: INFO :: Registering backup task with time condition
2018-05-27 21:25:52,511 :: INFO :: Stopping daemon
2018-05-27 21:26:28,514 :: INFO :: Starting daemon
2018-05-27 21:26:28,872 :: INFO :: Registering backup task with time condition
2018-05-27 21:26:28,872 :: INFO :: Registering backup task with time condition
2018-05-27 21:26:28,873 :: INFO :: Registering backup task with time condition
2018-05-27 21:26:28,873 :: INFO :: Registering backup task with time condition
2018-05-27 21:26:28,875 :: INFO :: Registering backup task with time condition
2018-05-27 21:26:28,875 :: INFO :: Registering backup task with time condition
2018-05-27 21:26:28,879 :: INFO :: Backuping logger.py to backupDir/logger.py
2018-05-27 21:26:28,879 :: INFO :: Backuping logger.py to backupDir/logger.py
2018-05-27 21:26:28,881 :: DEBUG :: Copying logger.py file to backupDir/logger.py
2018-05-27 21:26:28,881 :: DEBUG :: Copying logger.py file to backupDir/logger.py
2018-05-27 21:26:28,883 :: DEBUG :: Copy of logger.py to backupDir/logger.py done
2018-05-27 21:26:28,883 :: DEBUG :: Copy of logger.py to backupDir/logger.py done
2018-05-27 21:26:28,884 :: INFO :: Backuping test_direct_backup.eb to backupDir/direct_backup.eb
2018-05-27 21:26:28,884 :: INFO :: Backuping test_direct_backup.eb to backupDir/direct_backup.eb
2018-05-27 21:26:28,885 :: DEBUG :: Copying test_direct_backup.eb file to backupDir/direct_backup.eb
2018-05-27 21:26:28,885 :: DEBUG :: Copying test_direct_backup.eb file to backupDir/direct_backup.eb
2018-05-27 21:26:28,887 :: DEBUG :: Copy of test_direct_backup.eb to backupDir/direct_backup.eb done
2018-05-27 21:26:28,887 :: DEBUG :: Copy of test_direct_backup.eb to backupDir/direct_backup.eb done
2018-05-27 21:26:28,888 :: INFO :: Backuping test_repeting_backup.eb to backupDir/repeting_backup.eb
2018-05-27 21:26:28,888 :: INFO :: Backuping test_repeting_backup.eb to backupDir/repeting_backup.eb
2018-05-27 21:26:28,890 :: DEBUG :: Copying test_repeting_backup.eb file to backupDir/repeting_backup.eb
2018-05-27 21:26:28,890 :: DEBUG :: Copying test_repeting_backup.eb file to backupDir/repeting_backup.eb
2018-05-27 21:26:28,892 :: DEBUG :: Copy of test_repeting_backup.eb to backupDir/repeting_backup.eb done
2018-05-27 21:26:28,892 :: DEBUG :: Copy of test_repeting_backup.eb to backupDir/repeting_backup.eb done
2018-05-27 21:26:28,895 :: INFO :: Sleeping for a minute
2018-05-27 21:26:28,895 :: INFO :: Sleeping for a minute
2018-05-27 21:27:01,493 :: INFO :: Stopping daemon
2018-05-27 21:28:40,974 :: INFO :: Starting daemon
2018-05-27 21:28:41,319 :: INFO :: Registering backup task with time condition
2018-05-27 21:28:41,319 :: INFO :: Registering backup task with time condition
2018-05-27 21:28:41,321 :: INFO :: Registering backup task with time condition
2018-05-27 21:28:41,321 :: INFO :: Registering backup task with time condition
2018-05-27 21:28:41,322 :: INFO :: Registering backup task with time condition
2018-05-27 21:28:41,322 :: INFO :: Registering backup task with time condition
2018-05-27 21:28:41,324 :: INFO :: Backuping logger.py to backupDir/logger.py
2018-05-27 21:28:41,324 :: INFO :: Backuping logger.py to backupDir/logger.py
2018-05-27 21:28:41,325 :: DEBUG :: Copying logger.py file to backupDir/logger.py
2018-05-27 21:28:41,325 :: DEBUG :: Copying logger.py file to backupDir/logger.py
2018-05-27 21:28:41,327 :: DEBUG :: Copy of logger.py to backupDir/logger.py done
2018-05-27 21:28:41,327 :: DEBUG :: Copy of logger.py to backupDir/logger.py done
2018-05-27 21:28:41,328 :: INFO :: Backuping test_direct_backup.eb to backupDir/direct_backup.eb
2018-05-27 21:28:41,328 :: INFO :: Backuping test_direct_backup.eb to backupDir/direct_backup.eb
2018-05-27 21:28:41,329 :: DEBUG :: Copying test_direct_backup.eb file to backupDir/direct_backup.eb
2018-05-27 21:28:41,329 :: DEBUG :: Copying test_direct_backup.eb file to backupDir/direct_backup.eb
2018-05-27 21:28:41,331 :: DEBUG :: Copy of test_direct_backup.eb to backupDir/direct_backup.eb done
2018-05-27 21:28:41,331 :: DEBUG :: Copy of test_direct_backup.eb to backupDir/direct_backup.eb done
2018-05-27 21:28:41,332 :: INFO :: Backuping test_repeting_backup.eb to backupDir/repeting_backup.eb
2018-05-27 21:28:41,332 :: INFO :: Backuping test_repeting_backup.eb to backupDir/repeting_backup.eb
2018-05-27 21:28:41,334 :: DEBUG :: Copying test_repeting_backup.eb file to backupDir/repeting_backup.eb
2018-05-27 21:28:41,334 :: DEBUG :: Copying test_repeting_backup.eb file to backupDir/repeting_backup.eb
2018-05-27 21:28:41,335 :: DEBUG :: Copy of test_repeting_backup.eb to backupDir/repeting_backup.eb done
2018-05-27 21:28:41,335 :: DEBUG :: Copy of test_repeting_backup.eb to backupDir/repeting_backup.eb done
2018-05-27 21:28:41,336 :: INFO :: Sleeping for a minute
2018-05-27 21:28:41,336 :: INFO :: Sleeping for a minute
2018-05-27 21:28:47,995 :: INFO :: Stopping daemon
2018-05-27 21:30:38,764 :: INFO :: Starting daemon
2018-05-27 21:30:39,114 :: INFO :: Registering backup task with time condition
2018-05-27 21:30:39,114 :: INFO :: Registering backup task with time condition
2018-05-27 21:30:39,116 :: INFO :: Registering backup task with time condition
2018-05-27 21:30:39,116 :: INFO :: Registering backup task with time condition
2018-05-27 21:30:39,117 :: INFO :: Registering backup task with time condition
2018-05-27 21:30:39,117 :: INFO :: Registering backup task with time condition
2018-05-27 21:30:39,119 :: INFO :: Backuping logger.py to backupDir/logger.py
2018-05-27 21:30:39,119 :: INFO :: Backuping logger.py to backupDir/logger.py
2018-05-27 21:30:39,120 :: DEBUG :: Copying logger.py file to backupDir/logger.py
2018-05-27 21:30:39,120 :: DEBUG :: Copying logger.py file to backupDir/logger.py
2018-05-27 21:30:39,257 :: DEBUG :: Copy of logger.py to backupDir/logger.py done
2018-05-27 21:30:39,257 :: DEBUG :: Copy of logger.py to backupDir/logger.py done
2018-05-27 21:30:39,259 :: INFO :: Backuping test_direct_backup.eb to backupDir/direct_backup.eb
2018-05-27 21:30:39,259 :: INFO :: Backuping test_direct_backup.eb to backupDir/direct_backup.eb
2018-05-27 21:30:39,261 :: DEBUG :: Copying test_direct_backup.eb file to backupDir/direct_backup.eb
2018-05-27 21:30:39,261 :: DEBUG :: Copying test_direct_backup.eb file to backupDir/direct_backup.eb
2018-05-27 21:30:39,264 :: DEBUG :: Copy of test_direct_backup.eb to backupDir/direct_backup.eb done
2018-05-27 21:30:39,264 :: DEBUG :: Copy of test_direct_backup.eb to backupDir/direct_backup.eb done
2018-05-27 21:30:39,265 :: INFO :: Backuping test_repeting_backup.eb to backupDir/repeting_backup.eb
2018-05-27 21:30:39,265 :: INFO :: Backuping test_repeting_backup.eb to backupDir/repeting_backup.eb
2018-05-27 21:30:39,267 :: DEBUG :: Copying test_repeting_backup.eb file to backupDir/repeting_backup.eb
2018-05-27 21:30:39,267 :: DEBUG :: Copying test_repeting_backup.eb file to backupDir/repeting_backup.eb
2018-05-27 21:30:39,269 :: DEBUG :: Copy of test_repeting_backup.eb to backupDir/repeting_backup.eb done
2018-05-27 21:30:39,269 :: DEBUG :: Copy of test_repeting_backup.eb to backupDir/repeting_backup.eb done
2018-05-27 21:30:39,270 :: INFO :: Sleeping for a minute
2018-05-27 21:30:39,270 :: INFO :: Sleeping for a minute
2018-05-27 21:30:47,335 :: INFO :: Stopping daemon
2018-05-27 21:33:15,170 :: INFO :: Stopping daemon
2018-05-27 21:33:18,323 :: INFO :: Starting daemon
2018-05-27 21:33:18,684 :: INFO :: Registering backup task with time condition
2018-05-27 21:33:18,684 :: INFO :: Registering backup task with time condition
2018-05-27 21:33:18,686 :: INFO :: Registering backup task with time condition
2018-05-27 21:33:18,686 :: INFO :: Registering backup task with time condition
2018-05-27 21:33:18,687 :: INFO :: Registering backup task with time condition
2018-05-27 21:33:18,687 :: INFO :: Registering backup task with time condition
2018-05-27 21:33:18,689 :: INFO :: Backuping logger.py to backupDir/logger.py
2018-05-27 21:33:18,689 :: INFO :: Backuping logger.py to backupDir/logger.py
2018-05-27 21:33:18,690 :: DEBUG :: Copying logger.py file to backupDir/logger.py
2018-05-27 21:33:18,690 :: DEBUG :: Copying logger.py file to backupDir/logger.py
2018-05-27 21:33:18,695 :: DEBUG :: Copy of logger.py to backupDir/logger.py done
2018-05-27 21:33:18,695 :: DEBUG :: Copy of logger.py to backupDir/logger.py done
2018-05-27 21:33:18,696 :: INFO :: Backuping test_direct_backup.eb to backupDir/direct_backup.eb
2018-05-27 21:33:18,696 :: INFO :: Backuping test_direct_backup.eb to backupDir/direct_backup.eb
2018-05-27 21:33:18,698 :: DEBUG :: Copying test_direct_backup.eb file to backupDir/direct_backup.eb
2018-05-27 21:33:18,698 :: DEBUG :: Copying test_direct_backup.eb file to backupDir/direct_backup.eb
2018-05-27 21:33:18,700 :: DEBUG :: Copy of test_direct_backup.eb to backupDir/direct_backup.eb done
2018-05-27 21:33:18,700 :: DEBUG :: Copy of test_direct_backup.eb to backupDir/direct_backup.eb done
2018-05-27 21:33:18,701 :: INFO :: Backuping test_repeting_backup.eb to backupDir/repeting_backup.eb
2018-05-27 21:33:18,701 :: INFO :: Backuping test_repeting_backup.eb to backupDir/repeting_backup.eb
2018-05-27 21:33:18,702 :: DEBUG :: Copying test_repeting_backup.eb file to backupDir/repeting_backup.eb
2018-05-27 21:33:18,702 :: DEBUG :: Copying test_repeting_backup.eb file to backupDir/repeting_backup.eb
2018-05-27 21:33:18,704 :: DEBUG :: Copy of test_repeting_backup.eb to backupDir/repeting_backup.eb done
2018-05-27 21:33:18,704 :: DEBUG :: Copy of test_repeting_backup.eb to backupDir/repeting_backup.eb done
2018-05-27 21:33:18,705 :: INFO :: Sleeping for a minute
2018-05-27 21:33:18,705 :: INFO :: Sleeping for a minute
2018-05-27 21:34:18,707 :: INFO :: Backuping logger.py to backupDir/logger.py
2018-05-27 21:34:18,707 :: INFO :: Backuping logger.py to backupDir/logger.py
2018-05-27 21:34:18,712 :: DEBUG :: Copying logger.py file to backupDir/logger.py
2018-05-27 21:34:18,712 :: DEBUG :: Copying logger.py file to backupDir/logger.py
2018-05-27 21:34:18,714 :: DEBUG :: Copy of logger.py to backupDir/logger.py done
2018-05-27 21:34:18,714 :: DEBUG :: Copy of logger.py to backupDir/logger.py done
2018-05-27 21:34:18,716 :: INFO :: Sleeping for a minute
2018-05-27 21:34:18,716 :: INFO :: Sleeping for a minute
2018-05-27 21:35:18,717 :: INFO :: Backuping logger.py to backupDir/logger.py
2018-05-27 21:35:18,717 :: INFO :: Backuping logger.py to backupDir/logger.py
2018-05-27 21:35:18,722 :: DEBUG :: Copying logger.py file to backupDir/logger.py
2018-05-27 21:35:18,722 :: DEBUG :: Copying logger.py file to backupDir/logger.py
2018-05-27 21:35:18,724 :: DEBUG :: Copy of logger.py to backupDir/logger.py done
2018-05-27 21:35:18,724 :: DEBUG :: Copy of logger.py to backupDir/logger.py done
2018-05-27 21:35:18,727 :: INFO :: Backuping test_repeting_backup.eb to backupDir/repeting_backup.eb
2018-05-27 21:35:18,727 :: INFO :: Backuping test_repeting_backup.eb to backupDir/repeting_backup.eb
2018-05-27 21:35:18,728 :: DEBUG :: Copying test_repeting_backup.eb file to backupDir/repeting_backup.eb
2018-05-27 21:35:18,728 :: DEBUG :: Copying test_repeting_backup.eb file to backupDir/repeting_backup.eb
2018-05-27 21:35:18,730 :: DEBUG :: Copy of test_repeting_backup.eb to backupDir/repeting_backup.eb done
2018-05-27 21:35:18,730 :: DEBUG :: Copy of test_repeting_backup.eb to backupDir/repeting_backup.eb done
2018-05-27 21:35:18,731 :: INFO :: Sleeping for a minute
2018-05-27 21:35:18,731 :: INFO :: Sleeping for a minute
2018-05-27 21:36:18,732 :: INFO :: Backuping logger.py to backupDir/logger.py
2018-05-27 21:36:18,732 :: INFO :: Backuping logger.py to backupDir/logger.py
2018-05-27 21:36:18,739 :: DEBUG :: Copying logger.py file to backupDir/logger.py
2018-05-27 21:36:18,739 :: DEBUG :: Copying logger.py file to backupDir/logger.py
2018-05-27 21:36:18,742 :: DEBUG :: Copy of logger.py to backupDir/logger.py done
2018-05-27 21:36:18,742 :: DEBUG :: Copy of logger.py to backupDir/logger.py done
2018-05-27 21:36:18,744 :: INFO :: Sleeping for a minute
2018-05-27 21:36:18,744 :: INFO :: Sleeping for a minute
2018-05-27 21:37:11,245 :: INFO :: Stopping daemon
2018-05-27 21:37:15,060 :: INFO :: Starting daemon
2018-05-27 21:37:15,404 :: INFO :: Registering backup task with time condition
2018-05-27 21:37:15,406 :: INFO :: Registering backup task with time condition
2018-05-27 21:37:15,408 :: INFO :: Registering backup task with time condition
2018-05-27 21:37:15,409 :: INFO :: Backuping logger.py to backupDir/logger.py
2018-05-27 21:37:15,410 :: DEBUG :: Copying logger.py file to backupDir/logger.py
2018-05-27 21:37:15,412 :: DEBUG :: Copy of logger.py to backupDir/logger.py done
2018-05-27 21:37:15,413 :: INFO :: Backuping test_direct_backup.eb to backupDir/direct_backup.eb
2018-05-27 21:37:15,414 :: DEBUG :: Copying test_direct_backup.eb file to backupDir/direct_backup.eb
2018-05-27 21:37:15,415 :: DEBUG :: Copy of test_direct_backup.eb to backupDir/direct_backup.eb done
2018-05-27 21:37:15,416 :: INFO :: Backuping test_repeting_backup.eb to backupDir/repeting_backup.eb
2018-05-27 21:37:15,417 :: DEBUG :: Copying test_repeting_backup.eb file to backupDir/repeting_backup.eb
2018-05-27 21:37:15,418 :: DEBUG :: Copy of test_repeting_backup.eb to backupDir/repeting_backup.eb done
2018-05-27 21:37:15,419 :: INFO :: Sleeping for a minute
2018-05-27 21:37:44,627 :: INFO :: Stopping daemon
2018-05-28 21:10:24,947 :: INFO :: Registering backup recurring
2018-05-28 21:10:24,949 :: INFO :: Backuping logger.py to lol.py
2018-05-28 21:10:24,949 :: DEBUG :: Copying logger.py file to lol.py
2018-05-28 21:10:24,950 :: DEBUG :: Copy of logger.py to lol.py done
2018-05-28 21:10:24,950 :: INFO :: Sleeping for a minute
2018-05-28 21:11:17,288 :: INFO :: Registering backup recurring
2018-05-28 21:11:17,289 :: INFO :: Backuping logger.py to lol.py
2018-05-28 21:11:17,289 :: DEBUG :: Copying logger.py file to lol.py
2018-05-28 21:11:17,290 :: DEBUG :: Copy of logger.py to lol.py done
2018-05-28 21:11:17,290 :: INFO :: Sleeping for a minute
2018-05-28 21:11:53,743 :: INFO :: Registering backup recurring
2018-05-28 21:12:04,350 :: INFO :: Registering backup recurring
2018-05-28 21:12:28,838 :: INFO :: Registering backup recurring
2018-05-28 21:13:54,858 :: INFO :: Registering backup recurring
2018-05-28 21:14:15,224 :: INFO :: Registering backup recurring
2018-05-28 21:14:42,914 :: INFO :: Registering backup recurring
2018-05-28 21:15:02,930 :: INFO :: Registering backup recurring
2018-05-28 21:19:31,124 :: INFO :: Registering backup recurring
2018-05-28 21:19:31,125 :: INFO :: Backuping /Users/anonyme77/Desktop/Backups/logger.py to lol.py
2018-05-28 21:19:31,125 :: DEBUG :: Copying /Users/anonyme77/Desktop/Backups/logger.py file to lol.py
2018-05-28 21:19:31,127 :: DEBUG :: Copy of /Users/anonyme77/Desktop/Backups/logger.py to lol.py done
2018-05-28 21:19:31,127 :: INFO :: Sleeping for a minute
2018-05-28 21:26:52,946 :: INFO :: Registering backup recurring
2018-05-28 21:27:06,752 :: INFO :: Registering backup recurring
2018-05-28 21:27:06,755 :: INFO :: Backuping /Users/anonyme77/Desktop/Backups/logger.py to lol.py
2018-05-28 21:27:06,755 :: DEBUG :: Copying /Users/anonyme77/Desktop/Backups/logger.py file to lol.py
2018-05-28 21:27:06,758 :: DEBUG :: Copy of /Users/anonyme77/Desktop/Backups/logger.py to lol.py done
2018-05-28 21:27:06,758 :: INFO :: Sleeping for a minute
2018-05-28 21:28:06,762 :: INFO :: Backuping /Users/anonyme77/Desktop/Backups/logger.py to lol.py
2018-05-28 21:28:06,763 :: DEBUG :: Copying /Users/anonyme77/Desktop/Backups/logger.py file to lol.py
2018-05-28 21:28:06,766 :: DEBUG :: Copy of /Users/anonyme77/Desktop/Backups/logger.py to lol.py done
2018-05-28 21:28:06,767 :: INFO :: Sleeping for a minute
2018-05-28 21:29:12,094 :: INFO :: Registering backup recurring
2018-05-28 21:29:12,097 :: INFO :: Backuping /Users/anonyme77/Desktop/Backups/logger.py to lol.py
2018-05-28 21:29:12,097 :: DEBUG :: Copying /Users/anonyme77/Desktop/Backups/logger.py file to lol.py
2018-05-28 21:29:12,098 :: DEBUG :: Copy of /Users/anonyme77/Desktop/Backups/logger.py to lol.py done
2018-05-28 21:29:12,098 :: INFO :: Sleeping for a minute
2018-05-28 21:29:13,336 :: INFO :: Stopping EveryChangeBackup observer
2018-05-28 21:30:12,698 :: INFO :: Registering backup recurring
2018-05-28 21:30:12,701 :: INFO :: Backuping /Users/anonyme77/Desktop/Backups/logger.py to lol.py
2018-05-28 21:30:12,701 :: DEBUG :: Copying /Users/anonyme77/Desktop/Backups/logger.py file to lol.py
2018-05-28 21:30:12,702 :: DEBUG :: Copy of /Users/anonyme77/Desktop/Backups/logger.py to lol.py done
2018-05-28 21:30:12,702 :: INFO :: Sleeping for a minute
2018-05-28 21:31:12,703 :: INFO :: Backuping /Users/anonyme77/Desktop/Backups/logger.py to lol.py
2018-05-28 21:31:12,706 :: DEBUG :: Copying /Users/anonyme77/Desktop/Backups/logger.py file to lol.py
2018-05-28 21:31:12,708 :: DEBUG :: Copy of /Users/anonyme77/Desktop/Backups/logger.py to lol.py done
2018-05-28 21:31:12,708 :: INFO :: Sleeping for a minute
2018-05-28 21:32:12,710 :: INFO :: Backuping /Users/anonyme77/Desktop/Backups/logger.py to lol.py
2018-05-28 21:32:12,713 :: DEBUG :: Copying /Users/anonyme77/Desktop/Backups/logger.py file to lol.py
2018-05-28 21:32:12,715 :: DEBUG :: Copy of /Users/anonyme77/Desktop/Backups/logger.py to lol.py done
2018-05-28 21:32:12,715 :: INFO :: Sleeping for a minute
2018-05-28 21:33:11,030 :: INFO :: Stopping EveryChangeBackup observer
2018-05-28 21:33:14,839 :: INFO :: Registering backup recurring
2018-05-28 21:33:14,842 :: INFO :: Sleeping for a minute
2018-05-28 21:33:32,779 :: INFO :: Stopping EveryChangeBackup observer
2018-05-28 21:34:24,483 :: INFO :: Registering backup recurring
2018-05-28 21:34:24,486 :: INFO :: Sleeping for a minute
2018-05-28 21:34:27,460 :: INFO :: /Users/anonyme77/Desktop/Backups/backup_activity.log modified
2018-05-28 21:34:31,638 :: INFO :: /Users/anonyme77/Desktop/Backups/backup_activity.log modified
2018-05-28 21:34:31,728 :: INFO :: /Users/anonyme77/Desktop/Backups/backup_activity.log modified
2018-05-28 21:34:32,058 :: INFO :: /Users/anonyme77/Desktop/Backups/backup_activity.log modified
2018-05-28 21:34:42,218 :: INFO :: /Users/anonyme77/Desktop/Backups/backup_activity.log modified
2018-05-28 21:34:42,301 :: INFO :: /Users/anonyme77/Desktop/Backups/backup_activity.log modified
2018-05-28 21:34:50,134 :: INFO :: /Users/anonyme77/Desktop/Backups/backup_activity.log modified
2018-05-28 21:34:50,213 :: INFO :: /Users/anonyme77/Desktop/Backups/backup_activity.log modified
2018-05-28 21:34:50,562 :: INFO :: /Users/anonyme77/Desktop/Backups/backup_activity.log modified
2018-05-28 21:34:59,288 :: INFO :: /Users/anonyme77/Desktop/Backups/backup_activity.log modified
2018-05-28 21:35:07,142 :: INFO :: /Users/anonyme77/Desktop/Backups/backup_activity.log modified
2018-05-28 21:35:07,206 :: INFO :: /Users/anonyme77/Desktop/Backups/backup_activity.log modified
2018-05-28 21:35:07,756 :: INFO :: /Users/anonyme77/Desktop/Backups/backup_activity.log modified
2018-05-28 21:35:12,964 :: INFO :: /Users/anonyme77/Desktop/Backups/backup_activity.log modified
2018-05-28 21:35:24,488 :: INFO :: Sleeping for a minute
2018-05-28 21:35:29,745 :: INFO :: /Users/anonyme77/Desktop/Backups/backup_activity.log modified
2018-05-28 21:35:29,783 :: INFO :: /Users/anonyme77/Desktop/Backups/backup_activity.log modified
2018-05-28 21:35:30,366 :: INFO :: /Users/anonyme77/Desktop/Backups/backup_activity.log modified
2018-05-28 21:35:32,989 :: INFO :: Stopping EveryChangeBackup observer
2018-05-28 21:35:35,294 :: INFO :: Registering backup recurring
2018-05-28 21:35:35,296 :: INFO :: Sleeping for a minute
2018-05-28 21:35:40,912 :: INFO :: /Users/anonyme77/Desktop/Backups/backup_activity.log modified
2018-05-28 21:35:43,017 :: INFO :: /Users/anonyme77/Desktop/Backups/backup_activity.log modified
2018-05-28 21:35:43,091 :: INFO :: /Users/anonyme77/Desktop/Backups/backup_activity.log modified
2018-05-28 21:35:43,633 :: INFO :: /Users/anonyme77/Desktop/Backups/backup_activity.log modified
2018-05-28 21:35:52,216 :: INFO :: /Users/anonyme77/Desktop/Backups/backup_activity.log modified
2018-05-28 21:36:15,402 :: INFO :: /Users/anonyme77/Desktop/Backups/backup_activity.log modified
2018-05-28 21:36:15,435 :: INFO :: /Users/anonyme77/Desktop/Backups/backup_activity.log modified
2018-05-28 21:36:15,976 :: INFO :: /Users/anonyme77/Desktop/Backups/backup_activity.log modified
2018-05-28 21:36:17,297 :: INFO :: Stopping EveryChangeBackup observer
2018-05-28 21:36:19,033 :: INFO :: Registering backup recurring
2018-05-28 21:36:19,035 :: INFO :: Sleeping for a minute
2018-05-28 21:36:23,755 :: INFO :: Modification detected <FileModifiedEvent: src_path='/Users/anonyme77/Desktop/Backups/backup_activity.log'>
2018-05-28 21:36:23,755 :: INFO :: /Users/anonyme77/Desktop/Backups/backup_activity.log modified
2018-05-28 21:36:23,755 :: INFO :: Modification detected <DirModifiedEvent: src_path='/Users/anonyme77/Desktop/Backups/.git'>
2018-05-28 21:36:26,383 :: INFO :: Modification detected <FileModifiedEvent: src_path='/Users/anonyme77/Desktop/Backups/backup_activity.log'>
2018-05-28 21:36:26,384 :: INFO :: /Users/anonyme77/Desktop/Backups/backup_activity.log modified
2018-05-28 21:36:26,384 :: INFO :: Modification detected <DirModifiedEvent: src_path='/Users/anonyme77/Desktop/Backups'>
2018-05-28 21:36:26,467 :: INFO :: Modification detected <FileModifiedEvent: src_path='/Users/anonyme77/Desktop/Backups/backup_activity.log'>
2018-05-28 21:36:26,467 :: INFO :: /Users/anonyme77/Desktop/Backups/backup_activity.log modified
2018-05-28 21:36:26,468 :: INFO :: Modification detected <DirModifiedEvent: src_path='/Users/anonyme77/Desktop/Backups/.idea'>
2018-05-28 21:36:26,997 :: INFO :: Modification detected <FileModifiedEvent: src_path='/Users/anonyme77/Desktop/Backups/backup_activity.log'>
2018-05-28 21:36:26,997 :: INFO :: /Users/anonyme77/Desktop/Backups/backup_activity.log modified
2018-05-28 21:36:26,998 :: INFO :: Modification detected <DirModifiedEvent: src_path='/Users/anonyme77/Desktop/Backups/.git'>
2018-05-28 21:37:19,037 :: INFO :: Sleeping for a minute
2018-05-28 21:37:32,878 :: INFO :: Modification detected <FileModifiedEvent: src_path='/Users/anonyme77/Desktop/Backups/backup_activity.log'>
2018-05-28 21:37:32,878 :: INFO :: /Users/anonyme77/Desktop/Backups/backup_activity.log modified
2018-05-28 21:37:32,878 :: INFO :: Modification detected <DirModifiedEvent: src_path='/Users/anonyme77/Desktop/Backups/.git'>
2018-05-28 21:37:34,656 :: INFO :: Modification detected <FileModifiedEvent: src_path='/Users/anonyme77/Desktop/Backups/backup_activity.log'>
2018-05-28 21:37:34,656 :: INFO :: /Users/anonyme77/Desktop/Backups/backup_activity.log modified
2018-05-28 21:37:34,656 :: INFO :: Modification detected <DirModifiedEvent: src_path='/Users/anonyme77/Desktop/Backups/.git'>
2018-05-28 21:37:38,951 :: INFO :: Modification detected <FileModifiedEvent: src_path='/Users/anonyme77/Desktop/Backups/backup_activity.log'>
2018-05-28 21:37:38,951 :: INFO :: /Users/anonyme77/Desktop/Backups/backup_activity.log modified
2018-05-28 21:37:38,952 :: INFO :: Modification detected <DirModifiedEvent: src_path='/Users/anonyme77/Desktop/Backups'>
2018-05-28 21:37:39,026 :: INFO :: Modification detected <FileModifiedEvent: src_path='/Users/anonyme77/Desktop/Backups/backup_activity.log'>
2018-05-28 21:37:39,027 :: INFO :: /Users/anonyme77/Desktop/Backups/backup_activity.log modified
2018-05-28 21:37:39,027 :: INFO :: Modification detected <DirModifiedEvent: src_path='/Users/anonyme77/Desktop/Backups/.idea'>
2018-05-28 21:37:39,568 :: INFO :: Modification detected <FileModifiedEvent: src_path='/Users/anonyme77/Desktop/Backups/backup_activity.log'>
2018-05-28 21:37:39,568 :: INFO :: /Users/anonyme77/Desktop/Backups/backup_activity.log modified
2018-05-28 21:37:39,568 :: INFO :: Modification detected <DirModifiedEvent: src_path='/Users/anonyme77/Desktop/Backups/.git'>
2018-05-28 21:38:01,528 :: INFO :: Stopping EveryChangeBackup observer
2018-05-28 21:38:25,395 :: INFO :: Registering backup recurring
2018-05-28 21:38:25,403 :: INFO :: Sleeping for a minute
2018-05-28 21:38:29,273 :: INFO :: Modification detected <FileModifiedEvent: src_path='/Users/anonyme77/Desktop/Backups/backup_activity.log'>
2018-05-28 21:38:29,274 :: INFO :: /Users/anonyme77/Desktop/Backups/backup_activity.log modified
2018-05-28 21:38:29,274 :: INFO :: Modification detected <DirModifiedEvent: src_path='/Users/anonyme77/Desktop/Backups/.git'>
2018-05-28 21:38:44,679 :: INFO :: Modification detected <FileModifiedEvent: src_path='/Users/anonyme77/Desktop/Backups/backup_activity.log'>
2018-05-28 21:38:44,679 :: INFO :: /Users/anonyme77/Desktop/Backups/backup_activity.log modified
2018-05-28 21:38:44,679 :: INFO :: Modification detected <DirModifiedEvent: src_path='/Users/anonyme77/Desktop/Backups'>
2018-05-28 21:38:44,716 :: INFO :: Modification detected <FileModifiedEvent: src_path='/Users/anonyme77/Desktop/Backups/backup_activity.log'>
2018-05-28 21:38:44,716 :: INFO :: /Users/anonyme77/Desktop/Backups/backup_activity.log modified
2018-05-28 21:38:44,716 :: INFO :: Modification detected <DirModifiedEvent: src_path='/Users/anonyme77/Desktop/Backups/.idea'>
2018-05-28 21:38:45,029 :: INFO :: Modification detected <FileModifiedEvent: src_path='/Users/anonyme77/Desktop/Backups/backup_activity.log'>
2018-05-28 21:38:45,029 :: INFO :: /Users/anonyme77/Desktop/Backups/backup_activity.log modified
2018-05-28 21:38:45,030 :: INFO :: Modification detected <DirModifiedEvent: src_path='/Users/anonyme77/Desktop/Backups/.git'>
2018-05-28 21:39:04,298 :: INFO :: Modification detected <FileModifiedEvent: src_path='/Users/anonyme77/Desktop/Backups/backup_activity.log'>
2018-05-28 21:39:04,299 :: INFO :: /Users/anonyme77/Desktop/Backups/backup_activity.log modified
2018-05-28 21:39:04,299 :: INFO :: Modification detected <DirModifiedEvent: src_path='/Users/anonyme77/Desktop/Backups/.git'>
2018-05-28 21:39:04,687 :: INFO :: Modification detected <FileModifiedEvent: src_path='/Users/anonyme77/Desktop/Backups/backup_activity.log'>
2018-05-28 21:39:04,687 :: INFO :: /Users/anonyme77/Desktop/Backups/backup_activity.log modified
2018-05-28 21:39:04,687 :: INFO :: Modification detected <DirModifiedEvent: src_path='/Users/anonyme77/Desktop/Backups'>
2018-05-28 21:39:04,766 :: INFO :: Modification detected <FileModifiedEvent: src_path='/Users/anonyme77/Desktop/Backups/backup_activity.log'>
2018-05-28 21:39:04,767 :: INFO :: /Users/anonyme77/Desktop/Backups/backup_activity.log modified
2018-05-28 21:39:04,767 :: INFO :: Modification detected <DirModifiedEvent: src_path='/Users/anonyme77/Desktop/Backups/.idea'>
2018-05-28 21:39:05,300 :: INFO :: Modification detected <FileModifiedEvent: src_path='/Users/anonyme77/Desktop/Backups/backup_activity.log'>
2018-05-28 21:39:05,300 :: INFO :: /Users/anonyme77/Desktop/Backups/backup_activity.log modified
2018-05-28 21:39:05,300 :: INFO :: Modification detected <DirModifiedEvent: src_path='/Users/anonyme77/Desktop/Backups/.git'>
2018-05-28 21:39:25,405 :: INFO :: Sleeping for a minute
2018-05-28 21:39:32,795 :: INFO :: Stopping EveryChangeBackup observer
2018-05-28 21:47:18,846 :: INFO :: Registering backup recurring
2018-05-28 21:47:18,852 :: INFO :: Sleeping for a minute
2018-05-28 21:47:26,837 :: INFO :: Modification detected <FileModifiedEvent: src_path='/Users/anonyme77/Desktop/Backups/backup_activity.log'>
2018-05-28 21:47:26,838 :: INFO :: /Users/anonyme77/Desktop/Backups/backup_activity.log modified
2018-05-28 21:47:26,838 :: INFO :: Modification detected <DirModifiedEvent: src_path='/Users/anonyme77/Desktop/Backups/.git'>
2018-05-28 21:47:26,851 :: INFO :: Modification detected <FileModifiedEvent: src_path='/Users/anonyme77/Desktop/Backups/backup_activity.log'>
2018-05-28 21:47:26,851 :: INFO :: /Users/anonyme77/Desktop/Backups/backup_activity.log modified
2018-05-28 21:47:26,852 :: INFO :: Modification detected <DirModifiedEvent: src_path='/Users/anonyme77/Desktop/Backups/.git'>
2018-05-28 21:47:28,492 :: INFO :: Modification detected <FileModifiedEvent: src_path='/Users/anonyme77/Desktop/Backups/backup_activity.log'>
2018-05-28 21:47:28,492 :: INFO :: /Users/anonyme77/Desktop/Backups/backup_activity.log modified
2018-05-28 21:47:28,493 :: INFO :: Modification detected <DirModifiedEvent: src_path='/Users/anonyme77/Desktop/Backups'>
2018-05-28 21:47:28,573 :: INFO :: Modification detected <FileModifiedEvent: src_path='/Users/anonyme77/Desktop/Backups/backup_activity.log'>
2018-05-28 21:47:28,573 :: INFO :: /Users/anonyme77/Desktop/Backups/backup_activity.log modified
2018-05-28 21:47:28,574 :: INFO :: Modification detected <DirModifiedEvent: src_path='/Users/anonyme77/Desktop/Backups/.idea'>
2018-05-28 21:47:28,901 :: INFO :: Modification detected <FileModifiedEvent: src_path='/Users/anonyme77/Desktop/Backups/backup_activity.log'>
2018-05-28 21:47:28,901 :: INFO :: /Users/anonyme77/Desktop/Backups/backup_activity.log modified
2018-05-28 21:47:28,901 :: INFO :: Modification detected <DirModifiedEvent: src_path='/Users/anonyme77/Desktop/Backups/.git'>
2018-05-28 21:48:18,851 :: INFO :: Sleeping for a minute
2018-05-28 21:49:18,857 :: INFO :: Sleeping for a minute
2018-05-28 21:49:53,953 :: INFO :: Modification detected <FileModifiedEvent: src_path='/Users/anonyme77/Desktop/Backups/backup_activity.log'>
2018-05-28 21:49:53,953 :: INFO :: /Users/anonyme77/Desktop/Backups/backup_activity.log modified
2018-05-28 21:49:53,954 :: INFO :: Modification detected <DirModifiedEvent: src_path='/Users/anonyme77/Desktop/Backups/.git'>
2018-05-28 21:50:18,860 :: INFO :: Sleeping for a minute
2018-05-28 21:50:19,575 :: INFO :: Modification detected <FileModifiedEvent: src_path='/Users/anonyme77/Desktop/Backups/backup_activity.log'>
2018-05-28 21:50:19,575 :: INFO :: /Users/anonyme77/Desktop/Backups/backup_activity.log modified
2018-05-28 21:50:19,575 :: INFO :: Modification detected <DirModifiedEvent: src_path='/Users/anonyme77/Desktop/Backups'>
2018-05-28 21:50:20,196 :: INFO :: Modification detected <FileModifiedEvent: src_path='/Users/anonyme77/Desktop/Backups/backup_activity.log'>
2018-05-28 21:50:20,196 :: INFO :: /Users/anonyme77/Desktop/Backups/backup_activity.log modified
2018-05-28 21:50:20,196 :: INFO :: Modification detected <DirModifiedEvent: src_path='/Users/anonyme77/Desktop/Backups/.git'>
2018-05-28 21:50:20,207 :: INFO :: Modification detected <FileModifiedEvent: src_path='/Users/anonyme77/Desktop/Backups/backup_activity.log'>
2018-05-28 21:50:20,207 :: INFO :: /Users/anonyme77/Desktop/Backups/backup_activity.log modified
2018-05-28 21:50:20,207 :: INFO :: Modification detected <DirModifiedEvent: src_path='/Users/anonyme77/Desktop/Backups/.git'>
2018-05-28 21:50:27,428 :: INFO :: Modification detected <FileModifiedEvent: src_path='/Users/anonyme77/Desktop/Backups/backup_activity.log'>
2018-05-28 21:50:27,428 :: INFO :: /Users/anonyme77/Desktop/Backups/backup_activity.log modified
2018-05-28 21:50:27,429 :: INFO :: Modification detected <DirModifiedEvent: src_path='/Users/anonyme77/Desktop/Backups'>
2018-05-28 21:50:28,045 :: INFO :: Modification detected <FileModifiedEvent: src_path='/Users/anonyme77/Desktop/Backups/backup_activity.log'>
2018-05-28 21:50:28,045 :: INFO :: /Users/anonyme77/Desktop/Backups/backup_activity.log modified
2018-05-28 21:50:28,046 :: INFO :: Modification detected <DirModifiedEvent: src_path='/Users/anonyme77/Desktop/Backups/.git'>
2018-05-28 21:50:29,336 :: INFO :: Modification detected <FileModifiedEvent: src_path='/Users/anonyme77/Desktop/Backups/backup_activity.log'>
2018-05-28 21:50:29,336 :: INFO :: /Users/anonyme77/Desktop/Backups/backup_activity.log modified
2018-05-28 21:50:29,337 :: INFO :: Modification detected <DirModifiedEvent: src_path='/Users/anonyme77/Desktop/Backups/.git'>
2018-05-28 21:51:12,527 :: INFO :: Modification detected <FileModifiedEvent: src_path='/Users/anonyme77/Desktop/Backups/backup_activity.log'>
2018-05-28 21:51:12,528 :: INFO :: /Users/anonyme77/Desktop/Backups/backup_activity.log modified
2018-05-28 21:51:12,528 :: INFO :: Modification detected <DirModifiedEvent: src_path='/Users/anonyme77/Desktop/Backups'>
2018-05-28 21:51:12,561 :: INFO :: Modification detected <FileModifiedEvent: src_path='/Users/anonyme77/Desktop/Backups/backup_activity.log'>
2018-05-28 21:51:12,561 :: INFO :: /Users/anonyme77/Desktop/Backups/backup_activity.log modified
2018-05-28 21:51:12,562 :: INFO :: Modification detected <DirModifiedEvent: src_path='/Users/anonyme77/Desktop/Backups/.git'>
2018-05-28 21:51:18,863 :: INFO :: Sleeping for a minute
2018-05-28 21:51:44,754 :: INFO :: Modification detected <FileModifiedEvent: src_path='/Users/anonyme77/Desktop/Backups/backup_activity.log'>
2018-05-28 21:51:44,755 :: INFO :: /Users/anonyme77/Desktop/Backups/backup_activity.log modified
2018-05-28 21:51:44,755 :: INFO :: Modification detected <DirModifiedEvent: src_path='/Users/anonyme77/Desktop/Backups/.git'>
2018-05-28 21:52:05,711 :: INFO :: Modification detected <FileModifiedEvent: src_path='/Users/anonyme77/Desktop/Backups/backup_activity.log'>
2018-05-28 21:52:05,711 :: INFO :: /Users/anonyme77/Desktop/Backups/backup_activity.log modified
2018-05-28 21:52:05,711 :: INFO :: Modification detected <DirModifiedEvent: src_path='/Users/anonyme77/Desktop/Backups'>
2018-05-28 21:52:05,757 :: INFO :: Modification detected <FileModifiedEvent: src_path='/Users/anonyme77/Desktop/Backups/backup_activity.log'>
2018-05-28 21:52:05,757 :: INFO :: /Users/anonyme77/Desktop/Backups/backup_activity.log modified
2018-05-28 21:52:05,758 :: INFO :: Modification detected <DirModifiedEvent: src_path='/Users/anonyme77/Desktop/Backups/.idea'>
2018-05-28 21:52:06,110 :: INFO :: Modification detected <FileModifiedEvent: src_path='/Users/anonyme77/Desktop/Backups/backup_activity.log'>
2018-05-28 21:52:06,110 :: INFO :: /Users/anonyme77/Desktop/Backups/backup_activity.log modified
2018-05-28 21:52:06,111 :: INFO :: Modification detected <DirModifiedEvent: src_path='/Users/anonyme77/Desktop/Backups/.git'>
2018-05-28 21:52:18,862 :: INFO :: Sleeping for a minute
2018-05-28 21:52:36,850 :: INFO :: Modification detected <FileModifiedEvent: src_path='/Users/anonyme77/Desktop/Backups/backup_activity.log'>
2018-05-28 21:52:36,850 :: INFO :: /Users/anonyme77/Desktop/Backups/backup_activity.log modified
2018-05-28 21:52:36,851 :: INFO :: Modification detected <DirModifiedEvent: src_path='/Users/anonyme77/Desktop/Backups/.git'>
2018-05-28 21:52:37,093 :: INFO :: Modification detected <FileModifiedEvent: src_path='/Users/anonyme77/Desktop/Backups/backup_activity.log'>
2018-05-28 21:52:37,094 :: INFO :: /Users/anonyme77/Desktop/Backups/backup_activity.log modified
2018-05-28 21:52:37,094 :: INFO :: Modification detected <DirModifiedEvent: src_path='/Users/anonyme77/Desktop/Backups/.git'>
2018-05-28 21:53:18,862 :: INFO :: Sleeping for a minute
2018-05-28 21:53:19,902 :: INFO :: Modification detected <FileModifiedEvent: src_path='/Users/anonyme77/Desktop/Backups/backup_activity.log'>
2018-05-28 21:53:19,903 :: INFO :: /Users/anonyme77/Desktop/Backups/backup_activity.log modified
2018-05-28 21:53:19,903 :: INFO :: Modification detected <DirModifiedEvent: src_path='/Users/anonyme77/Desktop/Backups/.git'>
2018-05-28 21:53:21,273 :: INFO :: Modification detected <FileModifiedEvent: src_path='/Users/anonyme77/Desktop/Backups/backup_activity.log'>
2018-05-28 21:53:21,273 :: INFO :: /Users/anonyme77/Desktop/Backups/backup_activity.log modified
2018-05-28 21:53:21,273 :: INFO :: Modification detected <DirModifiedEvent: src_path='/Users/anonyme77/Desktop/Backups'>
2018-05-28 21:53:21,338 :: INFO :: Modification detected <FileModifiedEvent: src_path='/Users/anonyme77/Desktop/Backups/backup_activity.log'>
2018-05-28 21:53:21,338 :: INFO :: /Users/anonyme77/Desktop/Backups/backup_activity.log modified
2018-05-28 21:53:21,339 :: INFO :: Modification detected <DirModifiedEvent: src_path='/Users/anonyme77/Desktop/Backups/.idea'>
2018-05-28 21:53:21,894 :: INFO :: Modification detected <FileModifiedEvent: src_path='/Users/anonyme77/Desktop/Backups/backup_activity.log'>
2018-05-28 21:53:21,895 :: INFO :: /Users/anonyme77/Desktop/Backups/backup_activity.log modified
2018-05-28 21:53:21,895 :: INFO :: Modification detected <DirModifiedEvent: src_path='/Users/anonyme77/Desktop/Backups/.git'>
2018-05-28 21:53:55,009 :: INFO :: Stopping EveryChangeBackup observer
2018-05-28 21:54:40,745 :: INFO :: Registering backup recurring
2018-05-28 21:54:40,750 :: INFO :: Sleeping for a minute
2018-05-28 21:55:38,952 :: INFO :: Backuping test.py to backupDir/lol.py
2018-05-28 21:55:38,953 :: DEBUG :: Copying test.py file to backupDir/lol.py
2018-05-28 21:55:38,956 :: DEBUG :: Copy of test.py to backupDir/lol.py done
2018-05-28 21:55:40,748 :: INFO :: Sleeping for a minute
2018-05-28 21:55:58,026 :: INFO :: Stopping EveryChangeBackup observer
2018-05-28 21:56:03,198 :: INFO :: Starting daemon
2018-05-28 21:56:03,275 :: INFO :: Registering backup recurring
2018-05-28 21:56:03,285 :: INFO :: Sleeping for a minute
2018-05-28 21:56:09,935 :: INFO :: Backuping test.py to backupDir/lol.py
2018-05-28 21:56:09,936 :: DEBUG :: Copying test.py file to backupDir/lol.py
2018-05-28 21:56:09,938 :: DEBUG :: Copy of test.py to backupDir/lol.py done
2018-05-28 21:56:36,922 :: INFO :: Stopping daemon
2018-05-28 22:09:24,352 :: INFO :: Starting daemon
2018-05-28 22:09:24,659 :: INFO :: Registering backup recurring
2018-05-28 22:09:24,696 :: INFO :: Registering backup recurring
2018-05-28 22:09:24,697 :: INFO :: Registering backup recurring
2018-05-28 22:09:24,698 :: INFO :: Running backup task
2018-05-28 22:09:24,700 :: INFO :: Backuping daemon.py to backupDir/laurent.py
2018-05-28 22:09:24,702 :: DEBUG :: Copying daemon.py file to backupDir/laurent.py
2018-05-28 22:09:24,704 :: DEBUG :: Copy of daemon.py to backupDir/laurent.py done
2018-05-28 22:09:24,705 :: INFO :: Running backup task
2018-05-28 22:09:24,706 :: ERROR :: Cannot backup lol.txt to backupDir/lol.txt because source does not exist
2018-05-28 22:09:24,708 :: INFO :: Backuping logger.py to backupDir/logger.py
2018-05-28 22:09:24,709 :: DEBUG :: Copying logger.py file to backupDir/logger.py
2018-05-28 22:09:24,710 :: DEBUG :: Copy of logger.py to backupDir/logger.py done
2018-05-28 22:09:24,711 :: INFO :: Backuping test_direct_backup.eb to backupDir/direct_backup.eb
2018-05-28 22:09:24,712 :: DEBUG :: Copying test_direct_backup.eb file to backupDir/direct_backup.eb
2018-05-28 22:09:24,713 :: DEBUG :: Copy of test_direct_backup.eb to backupDir/direct_backup.eb done
2018-05-28 22:09:24,714 :: INFO :: Backuping test_repeting_backup.eb to backupDir/repeting_backup.eb
2018-05-28 22:09:24,715 :: DEBUG :: Copying test_repeting_backup.eb file to backupDir/repeting_backup.eb
2018-05-28 22:09:24,717 :: DEBUG :: Copy of test_repeting_backup.eb to backupDir/repeting_backup.eb done
2018-05-28 22:09:24,718 :: INFO :: Sleeping for a minute
2018-05-28 22:10:03,614 :: INFO :: Stopping daemon
2018-05-28 22:10:28,357 :: INFO :: Stopping daemon
2018-05-28 22:10:32,289 :: INFO :: Starting daemon
2018-05-28 22:10:57,760 :: INFO :: Starting daemon
2018-05-28 22:10:58,030 :: INFO :: Registering backup recurring
2018-05-28 22:10:58,068 :: INFO :: Registering backup recurring
2018-05-28 22:10:58,069 :: INFO :: Registering backup recurring
2018-05-28 22:10:58,071 :: INFO :: Running backup task
2018-05-28 22:10:58,072 :: INFO :: Backuping daemon.py to backupDir/laurent.py
2018-05-28 22:10:58,073 :: DEBUG :: Copying daemon.py file to backupDir/laurent.py
2018-05-28 22:10:58,074 :: DEBUG :: Copy of daemon.py to backupDir/laurent.py done
2018-05-28 22:10:58,075 :: INFO :: Registering backup recurring
2018-05-28 22:11:11,577 :: INFO :: Starting daemon
2018-05-28 22:11:11,840 :: INFO :: Registering backup recurring
2018-05-28 22:11:11,857 :: INFO :: Registering backup recurring
2018-05-28 22:11:11,858 :: INFO :: Registering backup recurring
2018-05-28 22:11:11,860 :: INFO :: Running backup task
2018-05-28 22:11:11,861 :: INFO :: Backuping daemon.py to backupDir/laurent.py
2018-05-28 22:11:11,862 :: DEBUG :: Copying daemon.py file to backupDir/laurent.py
2018-05-28 22:11:11,863 :: DEBUG :: Copy of daemon.py to backupDir/laurent.py done
2018-05-28 22:11:11,864 :: INFO :: Registering backup recurring
2018-05-28 22:11:11,871 :: INFO :: Backuping logger.py to backupDir/logger.py
2018-05-28 22:11:11,872 :: DEBUG :: Copying logger.py file to backupDir/logger.py
2018-05-28 22:11:11,873 :: DEBUG :: Copy of logger.py to backupDir/logger.py done
2018-05-28 22:11:11,875 :: INFO :: Backuping test_direct_backup.eb to backupDir/direct_backup.eb
2018-05-28 22:11:11,876 :: DEBUG :: Copying test_direct_backup.eb file to backupDir/direct_backup.eb
2018-05-28 22:11:11,879 :: DEBUG :: Copy of test_direct_backup.eb to backupDir/direct_backup.eb done
2018-05-28 22:11:11,880 :: INFO :: Backuping test_repeting_backup.eb to backupDir/repeting_backup.eb
2018-05-28 22:11:11,881 :: DEBUG :: Copying test_repeting_backup.eb file to backupDir/repeting_backup.eb
2018-05-28 22:11:11,884 :: DEBUG :: Copy of test_repeting_backup.eb to backupDir/repeting_backup.eb done
2018-05-28 22:11:11,885 :: INFO :: Sleeping for a minute
2018-05-28 22:12:05,100 :: INFO :: Stopping daemon
2018-05-28 22:13:12,855 :: INFO :: Stopping daemon
2018-05-28 22:13:18,476 :: INFO :: Starting daemon
2018-05-28 22:13:18,763 :: INFO :: Registering backup recurring
2018-05-28 22:13:18,809 :: INFO :: Registering backup recurring
2018-05-28 22:13:18,811 :: INFO :: Registering backup recurring
2018-05-28 22:13:18,813 :: INFO :: Running backup task
2018-05-28 22:13:18,815 :: INFO :: Backuping daemon.py to backupDir/laurent.py
2018-05-28 22:13:18,817 :: DEBUG :: Copying daemon.py file to backupDir/laurent.py
2018-05-28 22:13:18,818 :: DEBUG :: Copy of daemon.py to backupDir/laurent.py done
2018-05-28 22:13:18,819 :: INFO :: Registering backup recurring
2018-05-28 22:13:18,827 :: INFO :: Backuping logger.py to backupDir/logger.py
2018-05-28 22:13:18,829 :: DEBUG :: Copying logger.py file to backupDir/logger.py
2018-05-28 22:13:18,830 :: DEBUG :: Copy of logger.py to backupDir/logger.py done
2018-05-28 22:13:18,831 :: INFO :: Backuping test_direct_backup.eb to backupDir/direct_backup.eb
2018-05-28 22:13:18,832 :: DEBUG :: Copying test_direct_backup.eb file to backupDir/direct_backup.eb
2018-05-28 22:13:18,834 :: DEBUG :: Copy of test_direct_backup.eb to backupDir/direct_backup.eb done
2018-05-28 22:13:18,836 :: INFO :: Backuping test_repeting_backup.eb to backupDir/repeting_backup.eb
2018-05-28 22:13:18,836 :: DEBUG :: Copying test_repeting_backup.eb file to backupDir/repeting_backup.eb
2018-05-28 22:13:18,838 :: DEBUG :: Copy of test_repeting_backup.eb to backupDir/repeting_backup.eb done
2018-05-28 22:13:18,839 :: INFO :: Sleeping for a minute
2018-05-28 22:13:33,421 :: INFO :: Backuping lol.txt to backupDir/lol.txt
2018-05-28 22:13:33,423 :: DEBUG :: Copying lol.txt file to backupDir/lol.txt
2018-05-28 22:13:33,425 :: DEBUG :: Copy of lol.txt to backupDir/lol.txt done
2018-05-28 22:13:46,727 :: INFO :: Backuping lol.txt to backupDir/lol.txt
2018-05-28 22:13:46,729 :: DEBUG :: Copying lol.txt file to backupDir/lol.txt
2018-05-28 22:13:46,730 :: DEBUG :: Copy of lol.txt to backupDir/lol.txt done
2018-05-28 22:13:48,439 :: INFO :: Backuping lol.txt to backupDir/lol.txt
2018-05-28 22:13:48,441 :: DEBUG :: Copying lol.txt file to backupDir/lol.txt
2018-05-28 22:13:48,443 :: DEBUG :: Copy of lol.txt to backupDir/lol.txt done
2018-05-28 22:13:49,358 :: INFO :: Backuping lol.txt to backupDir/lol.txt
2018-05-28 22:13:49,359 :: DEBUG :: Copying lol.txt file to backupDir/lol.txt
2018-05-28 22:13:49,361 :: DEBUG :: Copy of lol.txt to backupDir/lol.txt done
2018-05-28 22:13:50,396 :: INFO :: Backuping lol.txt to backupDir/lol.txt
2018-05-28 22:13:50,397 :: DEBUG :: Copying lol.txt file to backupDir/lol.txt
2018-05-28 22:13:50,399 :: DEBUG :: Copy of lol.txt to backupDir/lol.txt done
2018-05-28 22:13:51,535 :: INFO :: Backuping lol.txt to backupDir/lol.txt
2018-05-28 22:13:51,536 :: DEBUG :: Copying lol.txt file to backupDir/lol.txt
2018-05-28 22:13:51,538 :: DEBUG :: Copy of lol.txt to backupDir/lol.txt done
2018-05-28 22:13:52,727 :: INFO :: Backuping lol.txt to backupDir/lol.txt
2018-05-28 22:13:52,728 :: DEBUG :: Copying lol.txt file to backupDir/lol.txt
2018-05-28 22:13:52,731 :: DEBUG :: Copy of lol.txt to backupDir/lol.txt done
2018-05-28 22:13:53,849 :: INFO :: Backuping lol.txt to backupDir/lol.txt
2018-05-28 22:13:53,851 :: DEBUG :: Copying lol.txt file to backupDir/lol.txt
2018-05-28 22:13:53,853 :: DEBUG :: Copy of lol.txt to backupDir/lol.txt done
2018-05-28 22:13:55,100 :: INFO :: Backuping lol.txt to backupDir/lol.txt
2018-05-28 22:13:55,101 :: DEBUG :: Copying lol.txt file to backupDir/lol.txt
2018-05-28 22:13:55,102 :: DEBUG :: Copy of lol.txt to backupDir/lol.txt done
2018-05-28 22:13:56,741 :: INFO :: Backuping lol.txt to backupDir/lol.txt
2018-05-28 22:13:56,743 :: DEBUG :: Copying lol.txt file to backupDir/lol.txt
2018-05-28 22:13:56,745 :: DEBUG :: Copy of lol.txt to backupDir/lol.txt done
2018-05-28 22:14:00,629 :: INFO :: Backuping lol.txt to backupDir/lol.txt
2018-05-28 22:14:00,631 :: DEBUG :: Copying lol.txt file to backupDir/lol.txt
2018-05-28 22:14:00,632 :: DEBUG :: Copy of lol.txt to backupDir/lol.txt done
2018-05-28 22:14:03,060 :: INFO :: Backuping lol.txt to backupDir/lol.txt
2018-05-28 22:14:03,061 :: DEBUG :: Copying lol.txt file to backupDir/lol.txt
2018-05-28 22:14:03,062 :: DEBUG :: Copy of lol.txt to backupDir/lol.txt done
2018-05-28 22:14:18,841 :: INFO :: Backuping logger.py to backupDir/logger.py
2018-05-28 22:14:18,842 :: DEBUG :: Copying logger.py file to backupDir/logger.py
2018-05-28 22:14:18,847 :: DEBUG :: Copy of logger.py to backupDir/logger.py done
2018-05-28 22:14:18,848 :: INFO :: Sleeping for a minute
2018-05-28 22:14:25,378 :: INFO :: Backuping lol.txt to backupDir/lol.txt
2018-05-28 22:14:25,380 :: DEBUG :: Copying lol.txt file to backupDir/lol.txt
2018-05-28 22:14:25,384 :: DEBUG :: Copy of lol.txt to backupDir/lol.txt done
2018-05-28 22:15:18,850 :: INFO :: Backuping logger.py to backupDir/logger.py
2018-05-28 22:15:18,851 :: DEBUG :: Copying logger.py file to backupDir/logger.py
2018-05-28 22:15:18,856 :: DEBUG :: Copy of logger.py to backupDir/logger.py done
2018-05-28 22:15:18,857 :: INFO :: Backuping test_repeting_backup.eb to backupDir/repeting_backup.eb
2018-05-28 22:15:18,859 :: DEBUG :: Copying test_repeting_backup.eb file to backupDir/repeting_backup.eb
2018-05-28 22:15:18,861 :: DEBUG :: Copy of test_repeting_backup.eb to backupDir/repeting_backup.eb done
2018-05-28 22:15:18,861 :: INFO :: Sleeping for a minute
2018-05-28 22:16:01,999 :: INFO :: Stopping daemon
